\BOOKMARK [0][-]{part.1}{\376\377\000I\000\040\000S\000a\000n\000s\000\040\000D\000e\000t\000e\000c\000t\000i\000o\000n\000\040\000d\000e\000\040\000D\000e\000a\000d\000l\000o\000c\000k}{}% 1
\BOOKMARK [1][-]{section.1}{\376\377\000E\000x\000e\000m\000p\000l\000e\000\040\0001}{part.1}% 2
\BOOKMARK [2][-]{subsection.1.1}{\376\377\000A\000l\000g\000o\000r\000i\000t\000h\000m\000e\000\040\000B\000F\000S}{section.1}% 3
\BOOKMARK [2][-]{subsection.1.2}{\376\377\000A\000l\000g\000o\000r\000i\000t\000h\000m\000e\000\040\000A\000*}{section.1}% 4
\BOOKMARK [1][-]{section.2}{\376\377\000E\000x\000e\000m\000p\000l\000e\000\040\0002}{part.1}% 5
\BOOKMARK [2][-]{subsection.2.1}{\376\377\000A\000l\000g\000o\000r\000i\000t\000h\000m\000e\000\040\000B\000F\000S}{section.2}% 6
\BOOKMARK [2][-]{subsection.2.2}{\376\377\000A\000l\000g\000o\000r\000i\000t\000h\000m\000e\000\040\000A\000*}{section.2}% 7
\BOOKMARK [1][-]{section.3}{\376\377\000E\000x\000e\000m\000p\000l\000e\000\040\0003}{part.1}% 8
\BOOKMARK [2][-]{subsection.3.1}{\376\377\000A\000l\000g\000o\000r\000i\000t\000h\000m\000e\000\040\000B\000F\000S}{section.3}% 9
\BOOKMARK [2][-]{subsection.3.2}{\376\377\000A\000l\000g\000o\000r\000i\000t\000h\000m\000e\000\040\000A\000*}{section.3}% 10
\BOOKMARK [1][-]{section.4}{\376\377\000E\000x\000e\000m\000p\000l\000e\000\040\0004}{part.1}% 11
\BOOKMARK [2][-]{subsection.4.1}{\376\377\000A\000l\000g\000o\000r\000i\000t\000h\000m\000e\000\040\000B\000F\000S}{section.4}% 12
\BOOKMARK [2][-]{subsection.4.2}{\376\377\000A\000l\000g\000o\000r\000i\000t\000h\000m\000e\000\040\000A\000*}{section.4}% 13
\BOOKMARK [1][-]{section.5}{\376\377\000E\000x\000e\000m\000p\000l\000e\000\040\0005}{part.1}% 14
\BOOKMARK [2][-]{subsection.5.1}{\376\377\000A\000l\000g\000o\000r\000i\000t\000h\000m\000e\000\040\000B\000F\000S}{section.5}% 15
\BOOKMARK [2][-]{subsection.5.2}{\376\377\000A\000l\000g\000o\000r\000i\000t\000h\000m\000e\000\040\000A\000*}{section.5}% 16
\BOOKMARK [0][-]{part.2}{\376\377\000I\000I\000\040\000A\000v\000e\000c\000\040\000D\000\351\000t\000e\000c\000t\000i\000o\000n\000\040\000d\000e\000\040\000D\000e\000a\000d\000l\000o\000c\000k}{}% 17
\BOOKMARK [1][-]{section.6}{\376\377\000E\000x\000e\000m\000p\000l\000e\000\040\0006}{part.2}% 18
\BOOKMARK [2][-]{subsection.6.1}{\376\377\000A\000l\000g\000o\000r\000i\000t\000h\000m\000e\000\040\000A\000*}{section.6}% 19
\BOOKMARK [1][-]{section.7}{\376\377\000E\000x\000e\000m\000p\000l\000e\000\040\0007}{part.2}% 20
\BOOKMARK [2][-]{subsection.7.1}{\376\377\000A\000l\000g\000o\000r\000i\000t\000h\000m\000e\000\040\000A\000*}{section.7}% 21
